Build started 13-Oct-15 17:09:59.
     1>Project "C:\Users\bryan\Documents\Visual Studio 2013\Projects\TeamCars\TeamCars\TeamCars.vcxproj" on node 2 (Build target(s)).
     1>ClCompile:
         C:\Program Files (x86)\Microsoft Visual Studio 12.0\VC\bin\CL.exe /c /I"C:\Users\bryan\Documents\Visual Studio 2013\Projects\TeamCars\externals\box2d" /ZI /nologo /W3 /WX- /sdl /Od /Oy- /D _MBCS /Gm /EHsc /RTC1 /MDd /GS /fp:precise /Zc:wchar_t /Zc:forScope /Fo"Debug\\" /Fd"Debug\vc120.pdb" /Gd /TP /analyze- /errorReport:prompt GameController.cpp View.cpp main.cpp
         View.cpp
         GameController.cpp
         Generating Code...
         Skipping... (no relevant changes detected)
         main.cpp
       Link:
         C:\Program Files (x86)\Microsoft Visual Studio 12.0\VC\bin\link.exe /ERRORREPORT:PROMPT /OUT:"C:\Users\bryan\Documents\Visual Studio 2013\Projects\TeamCars\Debug\TeamCars.exe" /INCREMENTAL /NOLOGO /LIBPATH:"C:\Users\bryan\Documents\Visual Studio 2013\Projects\TeamCars\externals\box2d\lib" "sfml-graphics-d.lib" "sfml-window-d.lib" "sfml-system-d.lib" Box2D.lib kernel32.lib user32.lib gdi32.lib winspool.lib comdlg32.lib advapi32.lib shell32.lib ole32.lib oleaut32.lib uuid.lib odbc32.lib odbccp32.lib /MANIFEST /MANIFESTUAC:"level='asInvoker' uiAccess='false'" /manifest:embed /DEBUG /PDB:"C:\Users\bryan\Documents\Visual Studio 2013\Projects\TeamCars\Debug\TeamCars.pdb" /TLBID:1 /DYNAMICBASE /NXCOMPAT /IMPLIB:"C:\Users\bryan\Documents\Visual Studio 2013\Projects\TeamCars\Debug\TeamCars.lib" /MACHINE:X86 Debug\Car.obj
         Debug\GameController.obj
         Debug\InputController.obj
         Debug\Level.obj
         Debug\main.obj
         Debug\View.obj
         TeamCars.vcxproj -> C:\Users\bryan\Documents\Visual Studio 2013\Projects\TeamCars\Debug\TeamCars.exe
     1>Done Building Project "C:\Users\bryan\Documents\Visual Studio 2013\Projects\TeamCars\TeamCars\TeamCars.vcxproj" (Build target(s)).

Build succeeded.

Time Elapsed 00:00:02.54
